2026-05-20 01:33:35,914 - INFO - Начало очистки данных
2026-05-20 01:33:35,919 - INFO - Столбец time преобразован в datetime
2026-05-20 01:33:35,919 - INFO - Пропусков до очистки: 0
2026-05-20 01:33:35,921 - INFO - Удалено выбросов: 123 (5.69%)
2026-05-20 01:33:35,927 - INFO - Очищенные данные сохранены в temperature_clean.csv
2026-05-20 01:54:29,702 - INFO - Начало очистки данных
2026-05-20 01:54:29,707 - INFO - Столбец time преобразован в datetime
2026-05-20 01:54:29,707 - INFO - Пропусков до очистки: 0
2026-05-20 01:54:29,709 - INFO - Удалено выбросов: 123 (5.69%)
2026-05-20 01:54:29,714 - INFO - Очищенные данные сохранены в temperature_clean.csv
2026-05-20 02:21:06,251 - INFO - Начало очистки данных
2026-05-20 02:21:06,256 - INFO - Столбец time преобразован в datetime
2026-05-20 02:21:06,257 - INFO - Пропусков до очистки: 0
2026-05-20 02:21:06,259 - INFO - Удалено выбросов: 123 (5.69%)
2026-05-20 02:21:06,264 - INFO - Очищенные данные сохранены в temperature_clean.csv
2026-05-20 02:21:09,399 - INFO - Задание 6: анализ пропусков
2026-05-20 02:21:09,400 - INFO - Реальных пропусков: 0
2026-05-20 02:21:09,401 - INFO - Добавлено 5 искусственных пропусков
2026-05-20 02:21:09,402 - INFO - Пропуски заполнены медианой -3.20°C, осталось: 0
2026-05-20 03:23:32,674 - INFO - Начало очистки данных
2026-05-20 03:23:32,697 - INFO - Столбец time преобразован в datetime
2026-05-20 03:23:32,698 - INFO - Пропусков до очистки: 0
2026-05-20 03:23:32,708 - INFO - Удалено выбросов: 123 (5.69%)
2026-05-20 03:23:32,715 - INFO - Очищенные данные сохранены в temperature_clean.csv
2026-05-20 03:23:35,349 - INFO - Задание 6: анализ пропусков
2026-05-20 03:23:35,350 - INFO - Реальных пропусков: 0
2026-05-20 03:23:35,358 - INFO - Добавлено 5 искусственных пропусков
2026-05-20 03:23:35,359 - INFO - Пропуски заполнены медианой -3.20°C, осталось: 0
2026-05-20 04:14:57,500 - INFO - Начало очистки данных
2026-05-20 04:14:57,518 - INFO - Столбец time преобразован в datetime
2026-05-20 04:14:57,519 - INFO - Пропусков до очистки: 0
2026-05-20 04:14:57,528 - INFO - Удалено выбросов: 123 (5.69%)
2026-05-20 04:14:57,534 - INFO - Очищенные данные сохранены в temperature_clean.csv
2026-05-20 04:15:00,148 - INFO - Задание 6: анализ пропусков
2026-05-20 04:15:00,148 - INFO - Реальных пропусков: 0
2026-05-20 04:15:00,158 - INFO - Добавлено 5 искусственных пропусков
2026-05-20 04:15:00,159 - INFO - Пропуски заполнены медианой -3.20°C, осталось: 0
